<?xml version="1.0" encoding="UTF-8"?>
<testsuite xmlns:xsi="http://www.w3.org/2001/XMLSchema-instance" xsi:noNamespaceSchemaLocation="https://maven.apache.org/surefire/maven-surefire-plugin/xsd/surefire-test-report-3.0.xsd" version="3.0" name="stratpoint.samuelnieva.LibraryTest" time="0.19" tests="2" errors="0" skipped="0" failures="0">
  <properties>
    <property name="java.specification.version" value="17"/>
    <property name="sun.cpu.isalist" value="amd64"/>
    <property name="sun.jnu.encoding" value="Cp1252"/>
    <property name="java.class.path" value="C:\Users\Samuel Derrick Nieva\IdeaProjects\Library\target\test-classes;C:\Users\Samuel Derrick Nieva\IdeaProjects\Library\target\classes;C:\Users\Samuel Derrick Nieva\.m2\repository\ch\qos\logback\logback-core\1.4.7\logback-core-1.4.7.jar;C:\Users\Samuel Derrick Nieva\.m2\repository\ch\qos\logback\logback-classic\1.4.7\logback-classic-1.4.7.jar;C:\Users\Samuel Derrick Nieva\.m2\repository\org\slf4j\slf4j-api\2.0.4\slf4j-api-2.0.4.jar;C:\Users\Samuel Derrick Nieva\.m2\repository\org\junit\jupiter\junit-jupiter-engine\5.9.2\junit-jupiter-engine-5.9.2.jar;C:\Users\Samuel Derrick Nieva\.m2\repository\org\junit\platform\junit-platform-engine\1.9.2\junit-platform-engine-1.9.2.jar;C:\Users\Samuel Derrick Nieva\.m2\repository\org\opentest4j\opentest4j\1.2.0\opentest4j-1.2.0.jar;C:\Users\Samuel Derrick Nieva\.m2\repository\org\junit\platform\junit-platform-commons\1.9.2\junit-platform-commons-1.9.2.jar;C:\Users\Samuel Derrick Nieva\.m2\repository\org\junit\jupiter\junit-jupiter-api\5.9.2\junit-jupiter-api-5.9.2.jar;C:\Users\Samuel Derrick Nieva\.m2\repository\org\apiguardian\apiguardian-api\1.1.2\apiguardian-api-1.1.2.jar;"/>
    <property name="java.vm.vendor" value="Oracle Corporation"/>
    <property name="sun.arch.data.model" value="64"/>
    <property name="user.variant" value=""/>
    <property name="java.vendor.url" value="https://java.oracle.com/"/>
    <property name="user.timezone" value="Asia/Manila"/>
    <property name="os.name" value="Windows 11"/>
    <property name="java.vm.specification.version" value="17"/>
    <property name="sun.java.launcher" value="SUN_STANDARD"/>
    <property name="user.country" value="PH"/>
    <property name="sun.boot.library.path" value="C:\Program Files\Java\jdk-17\bin"/>
    <property name="sun.java.command" value="C:\Users\Samuel Derrick Nieva\AppData\Local\Temp\surefire2786481224177070966\surefirebooter-20240626132324832_3.jar C:\Users\Samuel Derrick Nieva\AppData\Local\Temp\surefire2786481224177070966 2024-06-26T13-23-24_692-jvmRun1 surefire-20240626132324832_1tmp surefire_0-20240626132324832_2tmp"/>
    <property name="jdk.debug" value="release"/>
    <property name="surefire.test.class.path" value="C:\Users\Samuel Derrick Nieva\IdeaProjects\Library\target\test-classes;C:\Users\Samuel Derrick Nieva\IdeaProjects\Library\target\classes;C:\Users\Samuel Derrick Nieva\.m2\repository\ch\qos\logback\logback-core\1.4.7\logback-core-1.4.7.jar;C:\Users\Samuel Derrick Nieva\.m2\repository\ch\qos\logback\logback-classic\1.4.7\logback-classic-1.4.7.jar;C:\Users\Samuel Derrick Nieva\.m2\repository\org\slf4j\slf4j-api\2.0.4\slf4j-api-2.0.4.jar;C:\Users\Samuel Derrick Nieva\.m2\repository\org\junit\jupiter\junit-jupiter-engine\5.9.2\junit-jupiter-engine-5.9.2.jar;C:\Users\Samuel Derrick Nieva\.m2\repository\org\junit\platform\junit-platform-engine\1.9.2\junit-platform-engine-1.9.2.jar;C:\Users\Samuel Derrick Nieva\.m2\repository\org\opentest4j\opentest4j\1.2.0\opentest4j-1.2.0.jar;C:\Users\Samuel Derrick Nieva\.m2\repository\org\junit\platform\junit-platform-commons\1.9.2\junit-platform-commons-1.9.2.jar;C:\Users\Samuel Derrick Nieva\.m2\repository\org\junit\jupiter\junit-jupiter-api\5.9.2\junit-jupiter-api-5.9.2.jar;C:\Users\Samuel Derrick Nieva\.m2\repository\org\apiguardian\apiguardian-api\1.1.2\apiguardian-api-1.1.2.jar;"/>
    <property name="sun.cpu.endian" value="little"/>
    <property name="user.home" value="C:\Users\Samuel Derrick Nieva"/>
    <property name="user.language" value="en"/>
    <property name="java.specification.vendor" value="Oracle Corporation"/>
    <property name="java.version.date" value="2024-04-16"/>
    <property name="java.home" value="C:\Program Files\Java\jdk-17"/>
    <property name="file.separator" value="\"/>
    <property name="basedir" value="C:\Users\Samuel Derrick Nieva\IdeaProjects\Library"/>
    <property name="java.vm.compressedOopsMode" value="Zero based"/>
    <property name="line.separator" value="&#10;"/>
    <property name="java.vm.specification.vendor" value="Oracle Corporation"/>
    <property name="java.specification.name" value="Java Platform API Specification"/>
    <property name="surefire.real.class.path" value="C:\Users\Samuel Derrick Nieva\AppData\Local\Temp\surefire2786481224177070966\surefirebooter-20240626132324832_3.jar"/>
    <property name="user.script" value=""/>
    <property name="sun.management.compiler" value="HotSpot 64-Bit Tiered Compilers"/>
    <property name="java.runtime.version" value="17.0.11+7-LTS-207"/>
    <property name="user.name" value="Samuel Derrick Nieva"/>
    <property name="path.separator" value=";"/>
    <property name="os.version" value="10.0"/>
    <property name="java.runtime.name" value="Java(TM) SE Runtime Environment"/>
    <property name="file.encoding" value="Cp1252"/>
    <property name="java.vm.name" value="Java HotSpot(TM) 64-Bit Server VM"/>
    <property name="localRepository" value="C:\Users\Samuel Derrick Nieva\.m2\repository"/>
    <property name="java.vendor.url.bug" value="https://bugreport.java.com/bugreport/"/>
    <property name="java.io.tmpdir" value="C:\Users\SAMUEL~1\AppData\Local\Temp\"/>
    <property name="java.version" value="17.0.11"/>
    <property name="user.dir" value="C:\Users\Samuel Derrick Nieva\IdeaProjects\Library"/>
    <property name="os.arch" value="amd64"/>
    <property name="java.vm.specification.name" value="Java Virtual Machine Specification"/>
    <property name="sun.os.patch.level" value=""/>
    <property name="native.encoding" value="Cp1252"/>
    <property name="java.library.path" value="C:\Program Files\Java\jdk-17\bin;C:\Windows\Sun\Java\bin;C:\Windows\system32;C:\Windows;C:\Program Files\Common Files\Oracle\Java\javapath;C:\Windows\system32;C:\Windows;C:\Windows\System32\Wbem;C:\Windows\System32\WindowsPowerShell\v1.0\;C:\Windows\System32\OpenSSH\;C:\Program Files\Git\cmd;C:\apache-maven-3.9.8\bin;C:\Users\Samuel Derrick Nieva\AppData\Local\Microsoft\WindowsApps;;C:\Program Files\JetBrains\IntelliJ IDEA Community Edition 2024.1.4\bin;;."/>
    <property name="java.vm.info" value="mixed mode, sharing"/>
    <property name="java.vendor" value="Oracle Corporation"/>
    <property name="java.vm.version" value="17.0.11+7-LTS-207"/>
    <property name="sun.io.unicode.encoding" value="UnicodeLittle"/>
    <property name="java.class.version" value="61.0"/>
  </properties>
  <testcase name="addBook" classname="stratpoint.samuelnieva.LibraryTest" time="0.166"/>
  <testcase name="delBook" classname="stratpoint.samuelnieva.LibraryTest" time="0.006">
    <system-out><![CDATA[13:23:25.454 [main] DEBUG stratpoint.samuelnieva.Library -- Successfully removed book in index 0 from listBooks
]]></system-out>
  </testcase>
</testsuite>